<?xml version="1.0" encoding="UTF-8"?>
<!-- Generated by org.testng.reporters.JUnitXMLReporter -->
<testsuite ignored="0" hostname="Karim" failures="0" tests="60" name="Surefire test" time="87.109" errors="0" timestamp="2024-06-13T09:17:08 IST">
  <testcase classname="api.test.DDTests" name="testPostuser" time="5.752"/>
  <testcase classname="api.test.DDTests" name="testPostuser" time="2.221"/>
  <testcase classname="api.test.DDTests" name="testPostuser" time="1.107"/>
  <testcase classname="api.test.DDTests" name="testPostuser" time="1.143"/>
  <testcase classname="api.test.DDTests" name="testPostuser" time="1.081"/>
  <testcase classname="api.test.DDTests" name="testPostuser" time="1.128"/>
  <testcase classname="api.test.DDTests" name="testPostuser" time="1.127"/>
  <testcase classname="api.test.DDTests" name="testPostuser" time="1.142"/>
  <testcase classname="api.test.DDTests" name="testPostuser" time="1.064"/>
  <testcase classname="api.test.DDTests" name="testPostuser" time="1.08"/>
  <testcase classname="api.test.DDTests" name="testPostuser" time="1.235"/>
  <testcase classname="api.test.DDTests" name="testPostuser" time="1.205"/>
  <testcase classname="api.test.DDTests" name="testPostuser" time="1.142"/>
  <testcase classname="api.test.DDTests" name="testPostuser" time="1.08"/>
  <testcase classname="api.test.DDTests" name="testUpdateuser" time="1.205"/>
  <testcase classname="api.test.DDTests" name="testUpdateuser" time="1.078"/>
  <testcase classname="api.test.DDTests" name="testUpdateuser" time="1.186"/>
  <testcase classname="api.test.DDTests" name="testUpdateuser" time="1.126"/>
  <testcase classname="api.test.DDTests" name="testUpdateuser" time="1.048"/>
  <testcase classname="api.test.DDTests" name="testUpdateuser" time="1.188"/>
  <testcase classname="api.test.DDTests" name="testUpdateuser" time="1.154"/>
  <testcase classname="api.test.DDTests" name="testUpdateuser" time="1.064"/>
  <testcase classname="api.test.DDTests" name="testUpdateuser" time="1.11"/>
  <testcase classname="api.test.DDTests" name="testUpdateuser" time="1.127"/>
  <testcase classname="api.test.DDTests" name="testUpdateuser" time="1.094"/>
  <testcase classname="api.test.DDTests" name="testUpdateuser" time="3.622"/>
  <testcase classname="api.test.DDTests" name="testUpdateuser" time="1.12"/>
  <testcase classname="api.test.DDTests" name="testUpdateuser" time="1.157"/>
  <testcase classname="api.test.DDTests" name="testDeleteUserByName" time="1.141"/>
  <testcase classname="api.test.DDTests" name="testDeleteUserByName" time="1.128"/>
  <testcase classname="api.test.DDTests" name="testDeleteUserByName" time="1.174"/>
  <testcase classname="api.test.DDTests" name="testDeleteUserByName" time="1.152"/>
  <testcase classname="api.test.DDTests" name="testDeleteUserByName" time="1.079"/>
  <testcase classname="api.test.DDTests" name="testDeleteUserByName" time="1.079"/>
  <testcase classname="api.test.DDTests" name="testDeleteUserByName" time="1.078"/>
  <testcase classname="api.test.DDTests" name="testDeleteUserByName" time="1.079"/>
  <testcase classname="api.test.DDTests" name="testDeleteUserByName" time="1.06"/>
  <testcase classname="api.test.DDTests" name="testDeleteUserByName" time="1.114"/>
  <testcase classname="api.test.DDTests" name="testDeleteUserByName" time="1.11"/>
  <testcase classname="api.test.DDTests" name="testDeleteUserByName" time="1.094"/>
  <testcase classname="api.test.DDTests" name="testDeleteUserByName" time="1.122"/>
  <testcase classname="api.test.DDTests" name="testDeleteUserByName" time="1.127"/>
  <testcase classname="api.test.OrderorDeleteByIdTests" name="testGetOrderId" time="1.188"/>
  <testcase classname="api.test.StoreTests" name="testPostOrderPets" time="1.174"/>
  <testcase classname="api.test.StoreTests" name="testPostOrderPets" time="1.058"/>
  <testcase classname="api.test.StoreTests" name="testPostOrderPets" time="1.095"/>
  <testcase classname="api.test.StoreTests" name="testPostOrderPets" time="1.094"/>
  <testcase classname="api.test.StoreTests" name="testPostOrderPets" time="1.129"/>
  <testcase classname="api.test.StoreTests" name="testPostOrderPets" time="1.063"/>
  <testcase classname="api.test.StoreTests" name="testPostOrderPets" time="1.126"/>
  <testcase classname="api.test.StoreTests" name="testPostOrderPets" time="1.094"/>
  <testcase classname="api.test.StoreTests" name="testPostOrderPets" time="1.078"/>
  <testcase classname="api.test.StoreTests" name="testPostOrderPets" time="1.063"/>
  <testcase classname="api.test.StoreTests" name="testStoreInventory" time="4.27"/>
  <testcase classname="api.test.StoreTests" name="testGetOrderId" time="1.11"/>
  <testcase classname="api.test.StoreTests" name="testdeleteOrderId" time="1.111"/>
  <testcase classname="api.test.UserTests" name="testCreateUser" time="1.126"/>
  <testcase classname="api.test.UserTests" name="testGetUserByName" time="1.072"/>
  <testcase classname="api.test.UserTests" name="testUpdateUserByName" time="2.16"/>
  <testcase classname="api.test.UserTests" name="testDeleteUserByName" time="1.063"/>
</testsuite> <!-- Surefire test -->
