<?xml version="1.0" encoding="UTF-8"?>
<testng-results ignored="0" total="60" passed="60" failed="0" skipped="0">
  <reporter-output>
  </reporter-output>
  <suite started-at="2024-06-13T09:15:41 IST" name="Surefire suite" finished-at="2024-06-13T09:17:08 IST" duration-ms="87109">
    <groups>
    </groups>
    <test started-at="2024-06-13T09:15:41 IST" name="Surefire test" finished-at="2024-06-13T09:17:08 IST" duration-ms="87109">
      <class name="api.test.UserTests">
        <test-method is-config="true" signature="setupData()[pri:0, instance:api.test.UserTests@1184ab05]" started-at="2024-06-13T09:17:03 IST" name="setupData" finished-at="2024-06-13T09:17:03 IST" duration-ms="187" status="PASS">
          <reporter-output>
          </reporter-output>
        </test-method> <!-- setupData -->
        <test-method signature="testCreateUser()[pri:1, instance:api.test.UserTests@1184ab05]" started-at="2024-06-13T09:17:03 IST" name="testCreateUser" finished-at="2024-06-13T09:17:04 IST" duration-ms="1126" status="PASS">
          <reporter-output>
          </reporter-output>
        </test-method> <!-- testCreateUser -->
        <test-method signature="testGetUserByName()[pri:2, instance:api.test.UserTests@1184ab05]" started-at="2024-06-13T09:17:04 IST" name="testGetUserByName" finished-at="2024-06-13T09:17:05 IST" duration-ms="1072" status="PASS">
          <reporter-output>
          </reporter-output>
        </test-method> <!-- testGetUserByName -->
        <test-method signature="testUpdateUserByName()[pri:3, instance:api.test.UserTests@1184ab05]" started-at="2024-06-13T09:17:05 IST" name="testUpdateUserByName" finished-at="2024-06-13T09:17:07 IST" duration-ms="2160" status="PASS">
          <reporter-output>
          </reporter-output>
        </test-method> <!-- testUpdateUserByName -->
        <test-method signature="testDeleteUserByName()[pri:4, instance:api.test.UserTests@1184ab05]" started-at="2024-06-13T09:17:07 IST" name="testDeleteUserByName" finished-at="2024-06-13T09:17:08 IST" duration-ms="1063" status="PASS">
          <reporter-output>
          </reporter-output>
        </test-method> <!-- testDeleteUserByName -->
      </class> <!-- api.test.UserTests -->
      <class name="api.test.OrderorDeleteByIdTests">
        <test-method signature="testGetOrderId(int)[pri:1, instance:api.test.OrderorDeleteByIdTests@43301423]" started-at="2024-06-13T09:16:43 IST" name="testGetOrderId" data-provider="OrderById" finished-at="2024-06-13T09:16:45 IST" duration-ms="1188" status="PASS">
          <params>
            <param index="0">
              <value>
                <![CDATA[9]]>
              </value>
            </param>
          </params>
          <reporter-output>
          </reporter-output>
        </test-method> <!-- testGetOrderId -->
      </class> <!-- api.test.OrderorDeleteByIdTests -->
      <class name="api.test.StoreTests">
        <test-method signature="testPostOrderPets(java.lang.String,java.lang.String,java.lang.String,java.lang.String,java.lang.String,java.lang.String)[pri:1, instance:api.test.StoreTests@2f112965]" started-at="2024-06-13T09:16:45 IST" name="testPostOrderPets" data-provider="Order" finished-at="2024-06-13T09:16:47 IST" duration-ms="1174" status="PASS">
          <params>
            <param index="0">
              <value>
                <![CDATA[124]]>
              </value>
            </param>
            <param index="1">
              <value>
                <![CDATA[167]]>
              </value>
            </param>
            <param index="2">
              <value>
                <![CDATA[1]]>
              </value>
            </param>
            <param index="3">
              <value>
                <![CDATA[2024-06-10T15:07:58.751Z]]>
              </value>
            </param>
            <param index="4">
              <value>
                <![CDATA[placed]]>
              </value>
            </param>
            <param index="5">
              <value>
                <![CDATA[TRUE]]>
              </value>
            </param>
          </params>
          <reporter-output>
          </reporter-output>
        </test-method> <!-- testPostOrderPets -->
        <test-method signature="testPostOrderPets(java.lang.String,java.lang.String,java.lang.String,java.lang.String,java.lang.String,java.lang.String)[pri:1, instance:api.test.StoreTests@2f112965]" started-at="2024-06-13T09:16:47 IST" name="testPostOrderPets" data-provider="Order" finished-at="2024-06-13T09:16:48 IST" duration-ms="1058" status="PASS">
          <params>
            <param index="0">
              <value>
                <![CDATA[125]]>
              </value>
            </param>
            <param index="1">
              <value>
                <![CDATA[168]]>
              </value>
            </param>
            <param index="2">
              <value>
                <![CDATA[2]]>
              </value>
            </param>
            <param index="3">
              <value>
                <![CDATA[2024-06-10T15:07:58.751Z]]>
              </value>
            </param>
            <param index="4">
              <value>
                <![CDATA[placed]]>
              </value>
            </param>
            <param index="5">
              <value>
                <![CDATA[TRUE]]>
              </value>
            </param>
          </params>
          <reporter-output>
          </reporter-output>
        </test-method> <!-- testPostOrderPets -->
        <test-method signature="testPostOrderPets(java.lang.String,java.lang.String,java.lang.String,java.lang.String,java.lang.String,java.lang.String)[pri:1, instance:api.test.StoreTests@2f112965]" started-at="2024-06-13T09:16:48 IST" name="testPostOrderPets" data-provider="Order" finished-at="2024-06-13T09:16:49 IST" duration-ms="1095" status="PASS">
          <params>
            <param index="0">
              <value>
                <![CDATA[126]]>
              </value>
            </param>
            <param index="1">
              <value>
                <![CDATA[169]]>
              </value>
            </param>
            <param index="2">
              <value>
                <![CDATA[3]]>
              </value>
            </param>
            <param index="3">
              <value>
                <![CDATA[2024-06-10T15:07:58.751Z]]>
              </value>
            </param>
            <param index="4">
              <value>
                <![CDATA[placed]]>
              </value>
            </param>
            <param index="5">
              <value>
                <![CDATA[TRUE]]>
              </value>
            </param>
          </params>
          <reporter-output>
          </reporter-output>
        </test-method> <!-- testPostOrderPets -->
        <test-method signature="testPostOrderPets(java.lang.String,java.lang.String,java.lang.String,java.lang.String,java.lang.String,java.lang.String)[pri:1, instance:api.test.StoreTests@2f112965]" started-at="2024-06-13T09:16:49 IST" name="testPostOrderPets" data-provider="Order" finished-at="2024-06-13T09:16:50 IST" duration-ms="1094" status="PASS">
          <params>
            <param index="0">
              <value>
                <![CDATA[127]]>
              </value>
            </param>
            <param index="1">
              <value>
                <![CDATA[170]]>
              </value>
            </param>
            <param index="2">
              <value>
                <![CDATA[4]]>
              </value>
            </param>
            <param index="3">
              <value>
                <![CDATA[2024-06-10T15:07:58.751Z]]>
              </value>
            </param>
            <param index="4">
              <value>
                <![CDATA[placed]]>
              </value>
            </param>
            <param index="5">
              <value>
                <![CDATA[TRUE]]>
              </value>
            </param>
          </params>
          <reporter-output>
          </reporter-output>
        </test-method> <!-- testPostOrderPets -->
        <test-method signature="testPostOrderPets(java.lang.String,java.lang.String,java.lang.String,java.lang.String,java.lang.String,java.lang.String)[pri:1, instance:api.test.StoreTests@2f112965]" started-at="2024-06-13T09:16:50 IST" name="testPostOrderPets" data-provider="Order" finished-at="2024-06-13T09:16:51 IST" duration-ms="1129" status="PASS">
          <params>
            <param index="0">
              <value>
                <![CDATA[128]]>
              </value>
            </param>
            <param index="1">
              <value>
                <![CDATA[171]]>
              </value>
            </param>
            <param index="2">
              <value>
                <![CDATA[5]]>
              </value>
            </param>
            <param index="3">
              <value>
                <![CDATA[2024-06-10T15:07:58.751Z]]>
              </value>
            </param>
            <param index="4">
              <value>
                <![CDATA[placed]]>
              </value>
            </param>
            <param index="5">
              <value>
                <![CDATA[TRUE]]>
              </value>
            </param>
          </params>
          <reporter-output>
          </reporter-output>
        </test-method> <!-- testPostOrderPets -->
        <test-method signature="testPostOrderPets(java.lang.String,java.lang.String,java.lang.String,java.lang.String,java.lang.String,java.lang.String)[pri:1, instance:api.test.StoreTests@2f112965]" started-at="2024-06-13T09:16:51 IST" name="testPostOrderPets" data-provider="Order" finished-at="2024-06-13T09:16:52 IST" duration-ms="1063" status="PASS">
          <params>
            <param index="0">
              <value>
                <![CDATA[129]]>
              </value>
            </param>
            <param index="1">
              <value>
                <![CDATA[172]]>
              </value>
            </param>
            <param index="2">
              <value>
                <![CDATA[6]]>
              </value>
            </param>
            <param index="3">
              <value>
                <![CDATA[2024-06-10T15:07:58.751Z]]>
              </value>
            </param>
            <param index="4">
              <value>
                <![CDATA[placed]]>
              </value>
            </param>
            <param index="5">
              <value>
                <![CDATA[TRUE]]>
              </value>
            </param>
          </params>
          <reporter-output>
          </reporter-output>
        </test-method> <!-- testPostOrderPets -->
        <test-method signature="testPostOrderPets(java.lang.String,java.lang.String,java.lang.String,java.lang.String,java.lang.String,java.lang.String)[pri:1, instance:api.test.StoreTests@2f112965]" started-at="2024-06-13T09:16:52 IST" name="testPostOrderPets" data-provider="Order" finished-at="2024-06-13T09:16:53 IST" duration-ms="1126" status="PASS">
          <params>
            <param index="0">
              <value>
                <![CDATA[130]]>
              </value>
            </param>
            <param index="1">
              <value>
                <![CDATA[173]]>
              </value>
            </param>
            <param index="2">
              <value>
                <![CDATA[7]]>
              </value>
            </param>
            <param index="3">
              <value>
                <![CDATA[2024-06-10T15:07:58.751Z]]>
              </value>
            </param>
            <param index="4">
              <value>
                <![CDATA[placed]]>
              </value>
            </param>
            <param index="5">
              <value>
                <![CDATA[TRUE]]>
              </value>
            </param>
          </params>
          <reporter-output>
          </reporter-output>
        </test-method> <!-- testPostOrderPets -->
        <test-method signature="testPostOrderPets(java.lang.String,java.lang.String,java.lang.String,java.lang.String,java.lang.String,java.lang.String)[pri:1, instance:api.test.StoreTests@2f112965]" started-at="2024-06-13T09:16:53 IST" name="testPostOrderPets" data-provider="Order" finished-at="2024-06-13T09:16:54 IST" duration-ms="1094" status="PASS">
          <params>
            <param index="0">
              <value>
                <![CDATA[131]]>
              </value>
            </param>
            <param index="1">
              <value>
                <![CDATA[174]]>
              </value>
            </param>
            <param index="2">
              <value>
                <![CDATA[8]]>
              </value>
            </param>
            <param index="3">
              <value>
                <![CDATA[2024-06-10T15:07:58.751Z]]>
              </value>
            </param>
            <param index="4">
              <value>
                <![CDATA[placed]]>
              </value>
            </param>
            <param index="5">
              <value>
                <![CDATA[TRUE]]>
              </value>
            </param>
          </params>
          <reporter-output>
          </reporter-output>
        </test-method> <!-- testPostOrderPets -->
        <test-method signature="testPostOrderPets(java.lang.String,java.lang.String,java.lang.String,java.lang.String,java.lang.String,java.lang.String)[pri:1, instance:api.test.StoreTests@2f112965]" started-at="2024-06-13T09:16:54 IST" name="testPostOrderPets" data-provider="Order" finished-at="2024-06-13T09:16:55 IST" duration-ms="1078" status="PASS">
          <params>
            <param index="0">
              <value>
                <![CDATA[132]]>
              </value>
            </param>
            <param index="1">
              <value>
                <![CDATA[175]]>
              </value>
            </param>
            <param index="2">
              <value>
                <![CDATA[9]]>
              </value>
            </param>
            <param index="3">
              <value>
                <![CDATA[2024-06-10T15:07:58.751Z]]>
              </value>
            </param>
            <param index="4">
              <value>
                <![CDATA[placed]]>
              </value>
            </param>
            <param index="5">
              <value>
                <![CDATA[FALSE]]>
              </value>
            </param>
          </params>
          <reporter-output>
          </reporter-output>
        </test-method> <!-- testPostOrderPets -->
        <test-method signature="testPostOrderPets(java.lang.String,java.lang.String,java.lang.String,java.lang.String,java.lang.String,java.lang.String)[pri:1, instance:api.test.StoreTests@2f112965]" started-at="2024-06-13T09:16:55 IST" name="testPostOrderPets" data-provider="Order" finished-at="2024-06-13T09:16:56 IST" duration-ms="1063" status="PASS">
          <params>
            <param index="0">
              <value>
                <![CDATA[133]]>
              </value>
            </param>
            <param index="1">
              <value>
                <![CDATA[176]]>
              </value>
            </param>
            <param index="2">
              <value>
                <![CDATA[10]]>
              </value>
            </param>
            <param index="3">
              <value>
                <![CDATA[2024-06-10T15:07:58.751Z]]>
              </value>
            </param>
            <param index="4">
              <value>
                <![CDATA[placed]]>
              </value>
            </param>
            <param index="5">
              <value>
                <![CDATA[FALSE]]>
              </value>
            </param>
          </params>
          <reporter-output>
          </reporter-output>
        </test-method> <!-- testPostOrderPets -->
        <test-method signature="testStoreInventory()[pri:2, instance:api.test.StoreTests@2f112965]" started-at="2024-06-13T09:16:56 IST" name="testStoreInventory" finished-at="2024-06-13T09:17:01 IST" duration-ms="4270" status="PASS">
          <reporter-output>
          </reporter-output>
        </test-method> <!-- testStoreInventory -->
        <test-method signature="testGetOrderId(int)[pri:3, instance:api.test.StoreTests@2f112965]" started-at="2024-06-13T09:17:01 IST" name="testGetOrderId" data-provider="OrderById" finished-at="2024-06-13T09:17:02 IST" duration-ms="1110" status="PASS">
          <params>
            <param index="0">
              <value>
                <![CDATA[9]]>
              </value>
            </param>
          </params>
          <reporter-output>
          </reporter-output>
        </test-method> <!-- testGetOrderId -->
        <test-method signature="testdeleteOrderId(int)[pri:4, instance:api.test.StoreTests@2f112965]" started-at="2024-06-13T09:17:02 IST" name="testdeleteOrderId" data-provider="OrderById" finished-at="2024-06-13T09:17:03 IST" duration-ms="1111" status="PASS">
          <params>
            <param index="0">
              <value>
                <![CDATA[9]]>
              </value>
            </param>
          </params>
          <reporter-output>
          </reporter-output>
        </test-method> <!-- testdeleteOrderId -->
      </class> <!-- api.test.StoreTests -->
      <class name="api.test.DDTests">
        <test-method signature="testPostuser(java.lang.String,java.lang.String,java.lang.String,java.lang.String,java.lang.String,java.lang.String,java.lang.String)[pri:1, instance:api.test.DDTests@25d250c6]" started-at="2024-06-13T09:15:47 IST" name="testPostuser" data-provider="Data" finished-at="2024-06-13T09:15:52 IST" duration-ms="5752" status="PASS">
          <params>
            <param index="0">
              <value>
                <![CDATA[1250]]>
              </value>
            </param>
            <param index="1">
              <value>
                <![CDATA[testuser1]]>
              </value>
            </param>
            <param index="2">
              <value>
                <![CDATA[John]]>
              </value>
            </param>
            <param index="3">
              <value>
                <![CDATA[Canedy]]>
              </value>
            </param>
            <param index="4">
              <value>
                <![CDATA[a@gmail.com]]>
              </value>
            </param>
            <param index="5">
              <value>
                <![CDATA[test@1]]>
              </value>
            </param>
            <param index="6">
              <value>
                <![CDATA[1234567897]]>
              </value>
            </param>
          </params>
          <reporter-output>
          </reporter-output>
        </test-method> <!-- testPostuser -->
        <test-method signature="testPostuser(java.lang.String,java.lang.String,java.lang.String,java.lang.String,java.lang.String,java.lang.String,java.lang.String)[pri:1, instance:api.test.DDTests@25d250c6]" started-at="2024-06-13T09:15:52 IST" name="testPostuser" data-provider="Data" finished-at="2024-06-13T09:15:55 IST" duration-ms="2221" status="PASS">
          <params>
            <param index="0">
              <value>
                <![CDATA[1251]]>
              </value>
            </param>
            <param index="1">
              <value>
                <![CDATA[testuser2]]>
              </value>
            </param>
            <param index="2">
              <value>
                <![CDATA[Kim]]>
              </value>
            </param>
            <param index="3">
              <value>
                <![CDATA[Kom]]>
              </value>
            </param>
            <param index="4">
              <value>
                <![CDATA[b@gmail.com]]>
              </value>
            </param>
            <param index="5">
              <value>
                <![CDATA[test@2]]>
              </value>
            </param>
            <param index="6">
              <value>
                <![CDATA[1234567897]]>
              </value>
            </param>
          </params>
          <reporter-output>
          </reporter-output>
        </test-method> <!-- testPostuser -->
        <test-method signature="testPostuser(java.lang.String,java.lang.String,java.lang.String,java.lang.String,java.lang.String,java.lang.String,java.lang.String)[pri:1, instance:api.test.DDTests@25d250c6]" started-at="2024-06-13T09:15:55 IST" name="testPostuser" data-provider="Data" finished-at="2024-06-13T09:15:56 IST" duration-ms="1107" status="PASS">
          <params>
            <param index="0">
              <value>
                <![CDATA[1252]]>
              </value>
            </param>
            <param index="1">
              <value>
                <![CDATA[testuser3]]>
              </value>
            </param>
            <param index="2">
              <value>
                <![CDATA[Smith]]>
              </value>
            </param>
            <param index="3">
              <value>
                <![CDATA[Steve]]>
              </value>
            </param>
            <param index="4">
              <value>
                <![CDATA[c@gmail.com]]>
              </value>
            </param>
            <param index="5">
              <value>
                <![CDATA[test@3]]>
              </value>
            </param>
            <param index="6">
              <value>
                <![CDATA[1234567897]]>
              </value>
            </param>
          </params>
          <reporter-output>
          </reporter-output>
        </test-method> <!-- testPostuser -->
        <test-method signature="testPostuser(java.lang.String,java.lang.String,java.lang.String,java.lang.String,java.lang.String,java.lang.String,java.lang.String)[pri:1, instance:api.test.DDTests@25d250c6]" started-at="2024-06-13T09:15:56 IST" name="testPostuser" data-provider="Data" finished-at="2024-06-13T09:15:57 IST" duration-ms="1143" status="PASS">
          <params>
            <param index="0">
              <value>
                <![CDATA[1253]]>
              </value>
            </param>
            <param index="1">
              <value>
                <![CDATA[testuser4]]>
              </value>
            </param>
            <param index="2">
              <value>
                <![CDATA[abc]]>
              </value>
            </param>
            <param index="3">
              <value>
                <![CDATA[def]]>
              </value>
            </param>
            <param index="4">
              <value>
                <![CDATA[a@gmail.com]]>
              </value>
            </param>
            <param index="5">
              <value>
                <![CDATA[test@4]]>
              </value>
            </param>
            <param index="6">
              <value>
                <![CDATA[1234567897]]>
              </value>
            </param>
          </params>
          <reporter-output>
          </reporter-output>
        </test-method> <!-- testPostuser -->
        <test-method signature="testPostuser(java.lang.String,java.lang.String,java.lang.String,java.lang.String,java.lang.String,java.lang.String,java.lang.String)[pri:1, instance:api.test.DDTests@25d250c6]" started-at="2024-06-13T09:15:57 IST" name="testPostuser" data-provider="Data" finished-at="2024-06-13T09:15:58 IST" duration-ms="1081" status="PASS">
          <params>
            <param index="0">
              <value>
                <![CDATA[1254]]>
              </value>
            </param>
            <param index="1">
              <value>
                <![CDATA[testuser5]]>
              </value>
            </param>
            <param index="2">
              <value>
                <![CDATA[fhi]]>
              </value>
            </param>
            <param index="3">
              <value>
                <![CDATA[klm]]>
              </value>
            </param>
            <param index="4">
              <value>
                <![CDATA[b@gmail.com]]>
              </value>
            </param>
            <param index="5">
              <value>
                <![CDATA[test@5]]>
              </value>
            </param>
            <param index="6">
              <value>
                <![CDATA[1234567897]]>
              </value>
            </param>
          </params>
          <reporter-output>
          </reporter-output>
        </test-method> <!-- testPostuser -->
        <test-method signature="testPostuser(java.lang.String,java.lang.String,java.lang.String,java.lang.String,java.lang.String,java.lang.String,java.lang.String)[pri:1, instance:api.test.DDTests@25d250c6]" started-at="2024-06-13T09:15:58 IST" name="testPostuser" data-provider="Data" finished-at="2024-06-13T09:15:59 IST" duration-ms="1128" status="PASS">
          <params>
            <param index="0">
              <value>
                <![CDATA[1255]]>
              </value>
            </param>
            <param index="1">
              <value>
                <![CDATA[testuser6]]>
              </value>
            </param>
            <param index="2">
              <value>
                <![CDATA[nop]]>
              </value>
            </param>
            <param index="3">
              <value>
                <![CDATA[qrs]]>
              </value>
            </param>
            <param index="4">
              <value>
                <![CDATA[c@gmail.com]]>
              </value>
            </param>
            <param index="5">
              <value>
                <![CDATA[test@6]]>
              </value>
            </param>
            <param index="6">
              <value>
                <![CDATA[1234567897]]>
              </value>
            </param>
          </params>
          <reporter-output>
          </reporter-output>
        </test-method> <!-- testPostuser -->
        <test-method signature="testPostuser(java.lang.String,java.lang.String,java.lang.String,java.lang.String,java.lang.String,java.lang.String,java.lang.String)[pri:1, instance:api.test.DDTests@25d250c6]" started-at="2024-06-13T09:15:59 IST" name="testPostuser" data-provider="Data" finished-at="2024-06-13T09:16:00 IST" duration-ms="1127" status="PASS">
          <params>
            <param index="0">
              <value>
                <![CDATA[1256]]>
              </value>
            </param>
            <param index="1">
              <value>
                <![CDATA[testuser7]]>
              </value>
            </param>
            <param index="2">
              <value>
                <![CDATA[tuv]]>
              </value>
            </param>
            <param index="3">
              <value>
                <![CDATA[wxyz]]>
              </value>
            </param>
            <param index="4">
              <value>
                <![CDATA[a@gmail.com]]>
              </value>
            </param>
            <param index="5">
              <value>
                <![CDATA[test@7]]>
              </value>
            </param>
            <param index="6">
              <value>
                <![CDATA[1234567897]]>
              </value>
            </param>
          </params>
          <reporter-output>
          </reporter-output>
        </test-method> <!-- testPostuser -->
        <test-method signature="testPostuser(java.lang.String,java.lang.String,java.lang.String,java.lang.String,java.lang.String,java.lang.String,java.lang.String)[pri:1, instance:api.test.DDTests@25d250c6]" started-at="2024-06-13T09:16:00 IST" name="testPostuser" data-provider="Data" finished-at="2024-06-13T09:16:01 IST" duration-ms="1142" status="PASS">
          <params>
            <param index="0">
              <value>
                <![CDATA[1257]]>
              </value>
            </param>
            <param index="1">
              <value>
                <![CDATA[testuser8]]>
              </value>
            </param>
            <param index="2">
              <value>
                <![CDATA[adf]]>
              </value>
            </param>
            <param index="3">
              <value>
                <![CDATA[affd]]>
              </value>
            </param>
            <param index="4">
              <value>
                <![CDATA[b@gmail.com]]>
              </value>
            </param>
            <param index="5">
              <value>
                <![CDATA[test@8]]>
              </value>
            </param>
            <param index="6">
              <value>
                <![CDATA[1234567897]]>
              </value>
            </param>
          </params>
          <reporter-output>
          </reporter-output>
        </test-method> <!-- testPostuser -->
        <test-method signature="testPostuser(java.lang.String,java.lang.String,java.lang.String,java.lang.String,java.lang.String,java.lang.String,java.lang.String)[pri:1, instance:api.test.DDTests@25d250c6]" started-at="2024-06-13T09:16:01 IST" name="testPostuser" data-provider="Data" finished-at="2024-06-13T09:16:02 IST" duration-ms="1064" status="PASS">
          <params>
            <param index="0">
              <value>
                <![CDATA[1258]]>
              </value>
            </param>
            <param index="1">
              <value>
                <![CDATA[testuser9]]>
              </value>
            </param>
            <param index="2">
              <value>
                <![CDATA[ewrre]]>
              </value>
            </param>
            <param index="3">
              <value>
                <![CDATA[efggv]]>
              </value>
            </param>
            <param index="4">
              <value>
                <![CDATA[c@gmail.com]]>
              </value>
            </param>
            <param index="5">
              <value>
                <![CDATA[test@9]]>
              </value>
            </param>
            <param index="6">
              <value>
                <![CDATA[1234567897]]>
              </value>
            </param>
          </params>
          <reporter-output>
          </reporter-output>
        </test-method> <!-- testPostuser -->
        <test-method signature="testPostuser(java.lang.String,java.lang.String,java.lang.String,java.lang.String,java.lang.String,java.lang.String,java.lang.String)[pri:1, instance:api.test.DDTests@25d250c6]" started-at="2024-06-13T09:16:02 IST" name="testPostuser" data-provider="Data" finished-at="2024-06-13T09:16:04 IST" duration-ms="1080" status="PASS">
          <params>
            <param index="0">
              <value>
                <![CDATA[1259]]>
              </value>
            </param>
            <param index="1">
              <value>
                <![CDATA[testuser10]]>
              </value>
            </param>
            <param index="2">
              <value>
                <![CDATA[ggeed]]>
              </value>
            </param>
            <param index="3">
              <value>
                <![CDATA[hjhlne]]>
              </value>
            </param>
            <param index="4">
              <value>
                <![CDATA[a@gmail.com]]>
              </value>
            </param>
            <param index="5">
              <value>
                <![CDATA[test@10]]>
              </value>
            </param>
            <param index="6">
              <value>
                <![CDATA[1234567897]]>
              </value>
            </param>
          </params>
          <reporter-output>
          </reporter-output>
        </test-method> <!-- testPostuser -->
        <test-method signature="testPostuser(java.lang.String,java.lang.String,java.lang.String,java.lang.String,java.lang.String,java.lang.String,java.lang.String)[pri:1, instance:api.test.DDTests@25d250c6]" started-at="2024-06-13T09:16:04 IST" name="testPostuser" data-provider="Data" finished-at="2024-06-13T09:16:05 IST" duration-ms="1235" status="PASS">
          <params>
            <param index="0">
              <value>
                <![CDATA[1260]]>
              </value>
            </param>
            <param index="1">
              <value>
                <![CDATA[testuser11]]>
              </value>
            </param>
            <param index="2">
              <value>
                <![CDATA[oijklnv]]>
              </value>
            </param>
            <param index="3">
              <value>
                <![CDATA[hbbo]]>
              </value>
            </param>
            <param index="4">
              <value>
                <![CDATA[b@gmail.com]]>
              </value>
            </param>
            <param index="5">
              <value>
                <![CDATA[test@11]]>
              </value>
            </param>
            <param index="6">
              <value>
                <![CDATA[1234567897]]>
              </value>
            </param>
          </params>
          <reporter-output>
          </reporter-output>
        </test-method> <!-- testPostuser -->
        <test-method signature="testPostuser(java.lang.String,java.lang.String,java.lang.String,java.lang.String,java.lang.String,java.lang.String,java.lang.String)[pri:1, instance:api.test.DDTests@25d250c6]" started-at="2024-06-13T09:16:05 IST" name="testPostuser" data-provider="Data" finished-at="2024-06-13T09:16:06 IST" duration-ms="1205" status="PASS">
          <params>
            <param index="0">
              <value>
                <![CDATA[1261]]>
              </value>
            </param>
            <param index="1">
              <value>
                <![CDATA[testuser12]]>
              </value>
            </param>
            <param index="2">
              <value>
                <![CDATA[onjnvm]]>
              </value>
            </param>
            <param index="3">
              <value>
                <![CDATA[nloijhbhg]]>
              </value>
            </param>
            <param index="4">
              <value>
                <![CDATA[c@gmail.com]]>
              </value>
            </param>
            <param index="5">
              <value>
                <![CDATA[test@12]]>
              </value>
            </param>
            <param index="6">
              <value>
                <![CDATA[1234567897]]>
              </value>
            </param>
          </params>
          <reporter-output>
          </reporter-output>
        </test-method> <!-- testPostuser -->
        <test-method signature="testPostuser(java.lang.String,java.lang.String,java.lang.String,java.lang.String,java.lang.String,java.lang.String,java.lang.String)[pri:1, instance:api.test.DDTests@25d250c6]" started-at="2024-06-13T09:16:06 IST" name="testPostuser" data-provider="Data" finished-at="2024-06-13T09:16:07 IST" duration-ms="1142" status="PASS">
          <params>
            <param index="0">
              <value>
                <![CDATA[1262]]>
              </value>
            </param>
            <param index="1">
              <value>
                <![CDATA[testuser13]]>
              </value>
            </param>
            <param index="2">
              <value>
                <![CDATA[nbljjee]]>
              </value>
            </param>
            <param index="3">
              <value>
                <![CDATA[nlkjhd]]>
              </value>
            </param>
            <param index="4">
              <value>
                <![CDATA[a@gmail.com]]>
              </value>
            </param>
            <param index="5">
              <value>
                <![CDATA[test@13]]>
              </value>
            </param>
            <param index="6">
              <value>
                <![CDATA[1234567897]]>
              </value>
            </param>
          </params>
          <reporter-output>
          </reporter-output>
        </test-method> <!-- testPostuser -->
        <test-method signature="testPostuser(java.lang.String,java.lang.String,java.lang.String,java.lang.String,java.lang.String,java.lang.String,java.lang.String)[pri:1, instance:api.test.DDTests@25d250c6]" started-at="2024-06-13T09:16:07 IST" name="testPostuser" data-provider="Data" finished-at="2024-06-13T09:16:08 IST" duration-ms="1080" status="PASS">
          <params>
            <param index="0">
              <value>
                <![CDATA[1263]]>
              </value>
            </param>
            <param index="1">
              <value>
                <![CDATA[testuser14]]>
              </value>
            </param>
            <param index="2">
              <value>
                <![CDATA[bkjhflkj]]>
              </value>
            </param>
            <param index="3">
              <value>
                <![CDATA[nkjkljle]]>
              </value>
            </param>
            <param index="4">
              <value>
                <![CDATA[b@gmail.com]]>
              </value>
            </param>
            <param index="5">
              <value>
                <![CDATA[test@14]]>
              </value>
            </param>
            <param index="6">
              <value>
                <![CDATA[1234567897]]>
              </value>
            </param>
          </params>
          <reporter-output>
          </reporter-output>
        </test-method> <!-- testPostuser -->
        <test-method signature="testUpdateuser(java.lang.String,java.lang.String,java.lang.String,java.lang.String)[pri:2, instance:api.test.DDTests@25d250c6]" started-at="2024-06-13T09:16:09 IST" name="testUpdateuser" data-provider="UpdateData" finished-at="2024-06-13T09:16:10 IST" duration-ms="1205" status="PASS">
          <params>
            <param index="0">
              <value>
                <![CDATA[testuser1]]>
              </value>
            </param>
            <param index="1">
              <value>
                <![CDATA[a]]>
              </value>
            </param>
            <param index="2">
              <value>
                <![CDATA[b]]>
              </value>
            </param>
            <param index="3">
              <value>
                <![CDATA[c@gmail.com]]>
              </value>
            </param>
          </params>
          <reporter-output>
          </reporter-output>
        </test-method> <!-- testUpdateuser -->
        <test-method signature="testUpdateuser(java.lang.String,java.lang.String,java.lang.String,java.lang.String)[pri:2, instance:api.test.DDTests@25d250c6]" started-at="2024-06-13T09:16:10 IST" name="testUpdateuser" data-provider="UpdateData" finished-at="2024-06-13T09:16:11 IST" duration-ms="1078" status="PASS">
          <params>
            <param index="0">
              <value>
                <![CDATA[testuser2]]>
              </value>
            </param>
            <param index="1">
              <value>
                <![CDATA[c]]>
              </value>
            </param>
            <param index="2">
              <value>
                <![CDATA[d]]>
              </value>
            </param>
            <param index="3">
              <value>
                <![CDATA[d@gmail.com]]>
              </value>
            </param>
          </params>
          <reporter-output>
          </reporter-output>
        </test-method> <!-- testUpdateuser -->
        <test-method signature="testUpdateuser(java.lang.String,java.lang.String,java.lang.String,java.lang.String)[pri:2, instance:api.test.DDTests@25d250c6]" started-at="2024-06-13T09:16:11 IST" name="testUpdateuser" data-provider="UpdateData" finished-at="2024-06-13T09:16:13 IST" duration-ms="1186" status="PASS">
          <params>
            <param index="0">
              <value>
                <![CDATA[testuser3]]>
              </value>
            </param>
            <param index="1">
              <value>
                <![CDATA[e]]>
              </value>
            </param>
            <param index="2">
              <value>
                <![CDATA[f]]>
              </value>
            </param>
            <param index="3">
              <value>
                <![CDATA[e@gmail.com]]>
              </value>
            </param>
          </params>
          <reporter-output>
          </reporter-output>
        </test-method> <!-- testUpdateuser -->
        <test-method signature="testUpdateuser(java.lang.String,java.lang.String,java.lang.String,java.lang.String)[pri:2, instance:api.test.DDTests@25d250c6]" started-at="2024-06-13T09:16:13 IST" name="testUpdateuser" data-provider="UpdateData" finished-at="2024-06-13T09:16:14 IST" duration-ms="1126" status="PASS">
          <params>
            <param index="0">
              <value>
                <![CDATA[testuser4]]>
              </value>
            </param>
            <param index="1">
              <value>
                <![CDATA[g]]>
              </value>
            </param>
            <param index="2">
              <value>
                <![CDATA[h]]>
              </value>
            </param>
            <param index="3">
              <value>
                <![CDATA[c@gmail.com]]>
              </value>
            </param>
          </params>
          <reporter-output>
          </reporter-output>
        </test-method> <!-- testUpdateuser -->
        <test-method signature="testUpdateuser(java.lang.String,java.lang.String,java.lang.String,java.lang.String)[pri:2, instance:api.test.DDTests@25d250c6]" started-at="2024-06-13T09:16:14 IST" name="testUpdateuser" data-provider="UpdateData" finished-at="2024-06-13T09:16:15 IST" duration-ms="1048" status="PASS">
          <params>
            <param index="0">
              <value>
                <![CDATA[testuser5]]>
              </value>
            </param>
            <param index="1">
              <value>
                <![CDATA[i]]>
              </value>
            </param>
            <param index="2">
              <value>
                <![CDATA[j]]>
              </value>
            </param>
            <param index="3">
              <value>
                <![CDATA[d@gmail.com]]>
              </value>
            </param>
          </params>
          <reporter-output>
          </reporter-output>
        </test-method> <!-- testUpdateuser -->
        <test-method signature="testUpdateuser(java.lang.String,java.lang.String,java.lang.String,java.lang.String)[pri:2, instance:api.test.DDTests@25d250c6]" started-at="2024-06-13T09:16:15 IST" name="testUpdateuser" data-provider="UpdateData" finished-at="2024-06-13T09:16:16 IST" duration-ms="1188" status="PASS">
          <params>
            <param index="0">
              <value>
                <![CDATA[testuser6]]>
              </value>
            </param>
            <param index="1">
              <value>
                <![CDATA[k]]>
              </value>
            </param>
            <param index="2">
              <value>
                <![CDATA[l]]>
              </value>
            </param>
            <param index="3">
              <value>
                <![CDATA[e@gmail.com]]>
              </value>
            </param>
          </params>
          <reporter-output>
          </reporter-output>
        </test-method> <!-- testUpdateuser -->
        <test-method signature="testUpdateuser(java.lang.String,java.lang.String,java.lang.String,java.lang.String)[pri:2, instance:api.test.DDTests@25d250c6]" started-at="2024-06-13T09:16:16 IST" name="testUpdateuser" data-provider="UpdateData" finished-at="2024-06-13T09:16:17 IST" duration-ms="1154" status="PASS">
          <params>
            <param index="0">
              <value>
                <![CDATA[testuser7]]>
              </value>
            </param>
            <param index="1">
              <value>
                <![CDATA[m]]>
              </value>
            </param>
            <param index="2">
              <value>
                <![CDATA[n]]>
              </value>
            </param>
            <param index="3">
              <value>
                <![CDATA[c@gmail.com]]>
              </value>
            </param>
          </params>
          <reporter-output>
          </reporter-output>
        </test-method> <!-- testUpdateuser -->
        <test-method signature="testUpdateuser(java.lang.String,java.lang.String,java.lang.String,java.lang.String)[pri:2, instance:api.test.DDTests@25d250c6]" started-at="2024-06-13T09:16:17 IST" name="testUpdateuser" data-provider="UpdateData" finished-at="2024-06-13T09:16:18 IST" duration-ms="1064" status="PASS">
          <params>
            <param index="0">
              <value>
                <![CDATA[testuser8]]>
              </value>
            </param>
            <param index="1">
              <value>
                <![CDATA[o]]>
              </value>
            </param>
            <param index="2">
              <value>
                <![CDATA[p]]>
              </value>
            </param>
            <param index="3">
              <value>
                <![CDATA[d@gmail.com]]>
              </value>
            </param>
          </params>
          <reporter-output>
          </reporter-output>
        </test-method> <!-- testUpdateuser -->
        <test-method signature="testUpdateuser(java.lang.String,java.lang.String,java.lang.String,java.lang.String)[pri:2, instance:api.test.DDTests@25d250c6]" started-at="2024-06-13T09:16:18 IST" name="testUpdateuser" data-provider="UpdateData" finished-at="2024-06-13T09:16:19 IST" duration-ms="1110" status="PASS">
          <params>
            <param index="0">
              <value>
                <![CDATA[testuser9]]>
              </value>
            </param>
            <param index="1">
              <value>
                <![CDATA[q]]>
              </value>
            </param>
            <param index="2">
              <value>
                <![CDATA[r]]>
              </value>
            </param>
            <param index="3">
              <value>
                <![CDATA[e@gmail.com]]>
              </value>
            </param>
          </params>
          <reporter-output>
          </reporter-output>
        </test-method> <!-- testUpdateuser -->
        <test-method signature="testUpdateuser(java.lang.String,java.lang.String,java.lang.String,java.lang.String)[pri:2, instance:api.test.DDTests@25d250c6]" started-at="2024-06-13T09:16:19 IST" name="testUpdateuser" data-provider="UpdateData" finished-at="2024-06-13T09:16:21 IST" duration-ms="1127" status="PASS">
          <params>
            <param index="0">
              <value>
                <![CDATA[testuser10]]>
              </value>
            </param>
            <param index="1">
              <value>
                <![CDATA[s]]>
              </value>
            </param>
            <param index="2">
              <value>
                <![CDATA[t]]>
              </value>
            </param>
            <param index="3">
              <value>
                <![CDATA[c@gmail.com]]>
              </value>
            </param>
          </params>
          <reporter-output>
          </reporter-output>
        </test-method> <!-- testUpdateuser -->
        <test-method signature="testUpdateuser(java.lang.String,java.lang.String,java.lang.String,java.lang.String)[pri:2, instance:api.test.DDTests@25d250c6]" started-at="2024-06-13T09:16:21 IST" name="testUpdateuser" data-provider="UpdateData" finished-at="2024-06-13T09:16:22 IST" duration-ms="1094" status="PASS">
          <params>
            <param index="0">
              <value>
                <![CDATA[testuser11]]>
              </value>
            </param>
            <param index="1">
              <value>
                <![CDATA[u]]>
              </value>
            </param>
            <param index="2">
              <value>
                <![CDATA[v]]>
              </value>
            </param>
            <param index="3">
              <value>
                <![CDATA[d@gmail.com]]>
              </value>
            </param>
          </params>
          <reporter-output>
          </reporter-output>
        </test-method> <!-- testUpdateuser -->
        <test-method signature="testUpdateuser(java.lang.String,java.lang.String,java.lang.String,java.lang.String)[pri:2, instance:api.test.DDTests@25d250c6]" started-at="2024-06-13T09:16:22 IST" name="testUpdateuser" data-provider="UpdateData" finished-at="2024-06-13T09:16:25 IST" duration-ms="3622" status="PASS">
          <params>
            <param index="0">
              <value>
                <![CDATA[testuser12]]>
              </value>
            </param>
            <param index="1">
              <value>
                <![CDATA[w]]>
              </value>
            </param>
            <param index="2">
              <value>
                <![CDATA[x]]>
              </value>
            </param>
            <param index="3">
              <value>
                <![CDATA[e@gmail.com]]>
              </value>
            </param>
          </params>
          <reporter-output>
          </reporter-output>
        </test-method> <!-- testUpdateuser -->
        <test-method signature="testUpdateuser(java.lang.String,java.lang.String,java.lang.String,java.lang.String)[pri:2, instance:api.test.DDTests@25d250c6]" started-at="2024-06-13T09:16:25 IST" name="testUpdateuser" data-provider="UpdateData" finished-at="2024-06-13T09:16:26 IST" duration-ms="1120" status="PASS">
          <params>
            <param index="0">
              <value>
                <![CDATA[testuser13]]>
              </value>
            </param>
            <param index="1">
              <value>
                <![CDATA[y]]>
              </value>
            </param>
            <param index="2">
              <value>
                <![CDATA[z]]>
              </value>
            </param>
            <param index="3">
              <value>
                <![CDATA[c@gmail.com]]>
              </value>
            </param>
          </params>
          <reporter-output>
          </reporter-output>
        </test-method> <!-- testUpdateuser -->
        <test-method signature="testUpdateuser(java.lang.String,java.lang.String,java.lang.String,java.lang.String)[pri:2, instance:api.test.DDTests@25d250c6]" started-at="2024-06-13T09:16:26 IST" name="testUpdateuser" data-provider="UpdateData" finished-at="2024-06-13T09:16:28 IST" duration-ms="1157" status="PASS">
          <params>
            <param index="0">
              <value>
                <![CDATA[testuser14]]>
              </value>
            </param>
            <param index="1">
              <value>
                <![CDATA[ab]]>
              </value>
            </param>
            <param index="2">
              <value>
                <![CDATA[cd]]>
              </value>
            </param>
            <param index="3">
              <value>
                <![CDATA[d@gmail.com]]>
              </value>
            </param>
          </params>
          <reporter-output>
          </reporter-output>
        </test-method> <!-- testUpdateuser -->
        <test-method signature="testDeleteUserByName(java.lang.String)[pri:3, instance:api.test.DDTests@25d250c6]" started-at="2024-06-13T09:16:28 IST" name="testDeleteUserByName" data-provider="UserNames" finished-at="2024-06-13T09:16:29 IST" duration-ms="1141" status="PASS">
          <params>
            <param index="0">
              <value>
                <![CDATA[testuser1]]>
              </value>
            </param>
          </params>
          <reporter-output>
          </reporter-output>
        </test-method> <!-- testDeleteUserByName -->
        <test-method signature="testDeleteUserByName(java.lang.String)[pri:3, instance:api.test.DDTests@25d250c6]" started-at="2024-06-13T09:16:29 IST" name="testDeleteUserByName" data-provider="UserNames" finished-at="2024-06-13T09:16:30 IST" duration-ms="1128" status="PASS">
          <params>
            <param index="0">
              <value>
                <![CDATA[testuser2]]>
              </value>
            </param>
          </params>
          <reporter-output>
          </reporter-output>
        </test-method> <!-- testDeleteUserByName -->
        <test-method signature="testDeleteUserByName(java.lang.String)[pri:3, instance:api.test.DDTests@25d250c6]" started-at="2024-06-13T09:16:30 IST" name="testDeleteUserByName" data-provider="UserNames" finished-at="2024-06-13T09:16:31 IST" duration-ms="1174" status="PASS">
          <params>
            <param index="0">
              <value>
                <![CDATA[testuser3]]>
              </value>
            </param>
          </params>
          <reporter-output>
          </reporter-output>
        </test-method> <!-- testDeleteUserByName -->
        <test-method signature="testDeleteUserByName(java.lang.String)[pri:3, instance:api.test.DDTests@25d250c6]" started-at="2024-06-13T09:16:31 IST" name="testDeleteUserByName" data-provider="UserNames" finished-at="2024-06-13T09:16:32 IST" duration-ms="1152" status="PASS">
          <params>
            <param index="0">
              <value>
                <![CDATA[testuser4]]>
              </value>
            </param>
          </params>
          <reporter-output>
          </reporter-output>
        </test-method> <!-- testDeleteUserByName -->
        <test-method signature="testDeleteUserByName(java.lang.String)[pri:3, instance:api.test.DDTests@25d250c6]" started-at="2024-06-13T09:16:32 IST" name="testDeleteUserByName" data-provider="UserNames" finished-at="2024-06-13T09:16:33 IST" duration-ms="1079" status="PASS">
          <params>
            <param index="0">
              <value>
                <![CDATA[testuser5]]>
              </value>
            </param>
          </params>
          <reporter-output>
          </reporter-output>
        </test-method> <!-- testDeleteUserByName -->
        <test-method signature="testDeleteUserByName(java.lang.String)[pri:3, instance:api.test.DDTests@25d250c6]" started-at="2024-06-13T09:16:33 IST" name="testDeleteUserByName" data-provider="UserNames" finished-at="2024-06-13T09:16:35 IST" duration-ms="1079" status="PASS">
          <params>
            <param index="0">
              <value>
                <![CDATA[testuser6]]>
              </value>
            </param>
          </params>
          <reporter-output>
          </reporter-output>
        </test-method> <!-- testDeleteUserByName -->
        <test-method signature="testDeleteUserByName(java.lang.String)[pri:3, instance:api.test.DDTests@25d250c6]" started-at="2024-06-13T09:16:35 IST" name="testDeleteUserByName" data-provider="UserNames" finished-at="2024-06-13T09:16:36 IST" duration-ms="1078" status="PASS">
          <params>
            <param index="0">
              <value>
                <![CDATA[testuser7]]>
              </value>
            </param>
          </params>
          <reporter-output>
          </reporter-output>
        </test-method> <!-- testDeleteUserByName -->
        <test-method signature="testDeleteUserByName(java.lang.String)[pri:3, instance:api.test.DDTests@25d250c6]" started-at="2024-06-13T09:16:36 IST" name="testDeleteUserByName" data-provider="UserNames" finished-at="2024-06-13T09:16:37 IST" duration-ms="1079" status="PASS">
          <params>
            <param index="0">
              <value>
                <![CDATA[testuser8]]>
              </value>
            </param>
          </params>
          <reporter-output>
          </reporter-output>
        </test-method> <!-- testDeleteUserByName -->
        <test-method signature="testDeleteUserByName(java.lang.String)[pri:3, instance:api.test.DDTests@25d250c6]" started-at="2024-06-13T09:16:37 IST" name="testDeleteUserByName" data-provider="UserNames" finished-at="2024-06-13T09:16:38 IST" duration-ms="1060" status="PASS">
          <params>
            <param index="0">
              <value>
                <![CDATA[testuser9]]>
              </value>
            </param>
          </params>
          <reporter-output>
          </reporter-output>
        </test-method> <!-- testDeleteUserByName -->
        <test-method signature="testDeleteUserByName(java.lang.String)[pri:3, instance:api.test.DDTests@25d250c6]" started-at="2024-06-13T09:16:38 IST" name="testDeleteUserByName" data-provider="UserNames" finished-at="2024-06-13T09:16:39 IST" duration-ms="1114" status="PASS">
          <params>
            <param index="0">
              <value>
                <![CDATA[testuser10]]>
              </value>
            </param>
          </params>
          <reporter-output>
          </reporter-output>
        </test-method> <!-- testDeleteUserByName -->
        <test-method signature="testDeleteUserByName(java.lang.String)[pri:3, instance:api.test.DDTests@25d250c6]" started-at="2024-06-13T09:16:39 IST" name="testDeleteUserByName" data-provider="UserNames" finished-at="2024-06-13T09:16:40 IST" duration-ms="1110" status="PASS">
          <params>
            <param index="0">
              <value>
                <![CDATA[testuser11]]>
              </value>
            </param>
          </params>
          <reporter-output>
          </reporter-output>
        </test-method> <!-- testDeleteUserByName -->
        <test-method signature="testDeleteUserByName(java.lang.String)[pri:3, instance:api.test.DDTests@25d250c6]" started-at="2024-06-13T09:16:40 IST" name="testDeleteUserByName" data-provider="UserNames" finished-at="2024-06-13T09:16:41 IST" duration-ms="1094" status="PASS">
          <params>
            <param index="0">
              <value>
                <![CDATA[testuser12]]>
              </value>
            </param>
          </params>
          <reporter-output>
          </reporter-output>
        </test-method> <!-- testDeleteUserByName -->
        <test-method signature="testDeleteUserByName(java.lang.String)[pri:3, instance:api.test.DDTests@25d250c6]" started-at="2024-06-13T09:16:41 IST" name="testDeleteUserByName" data-provider="UserNames" finished-at="2024-06-13T09:16:42 IST" duration-ms="1122" status="PASS">
          <params>
            <param index="0">
              <value>
                <![CDATA[testuser13]]>
              </value>
            </param>
          </params>
          <reporter-output>
          </reporter-output>
        </test-method> <!-- testDeleteUserByName -->
        <test-method signature="testDeleteUserByName(java.lang.String)[pri:3, instance:api.test.DDTests@25d250c6]" started-at="2024-06-13T09:16:42 IST" name="testDeleteUserByName" data-provider="UserNames" finished-at="2024-06-13T09:16:43 IST" duration-ms="1127" status="PASS">
          <params>
            <param index="0">
              <value>
                <![CDATA[testuser14]]>
              </value>
            </param>
          </params>
          <reporter-output>
          </reporter-output>
        </test-method> <!-- testDeleteUserByName -->
      </class> <!-- api.test.DDTests -->
    </test> <!-- Surefire test -->
  </suite> <!-- Surefire suite -->
</testng-results>
