<?xml version="1.0" encoding="UTF-8"?>
<testng-results ignored="0" total="13" passed="13" failed="0" skipped="0">
  <reporter-output>
  </reporter-output>
  <suite started-at="2024-06-13T09:13:31 IST" name="Default suite" finished-at="2024-06-13T09:13:53 IST" duration-ms="21918">
    <groups>
    </groups>
    <test started-at="2024-06-13T09:13:31 IST" name="Default test" finished-at="2024-06-13T09:13:53 IST" duration-ms="21918">
      <class name="api.test.StoreTests">
        <test-method signature="testPostOrderPets(java.lang.String,java.lang.String,java.lang.String,java.lang.String,java.lang.String,java.lang.String)[pri:1, instance:api.test.StoreTests@6069db50]" started-at="2024-06-13T09:13:35 IST" name="testPostOrderPets" data-provider="Order" finished-at="2024-06-13T09:13:39 IST" duration-ms="3647" status="PASS">
          <params>
            <param index="0">
              <value>
                <![CDATA[124]]>
              </value>
            </param>
            <param index="1">
              <value>
                <![CDATA[167]]>
              </value>
            </param>
            <param index="2">
              <value>
                <![CDATA[1]]>
              </value>
            </param>
            <param index="3">
              <value>
                <![CDATA[2024-06-10T15:07:58.751Z]]>
              </value>
            </param>
            <param index="4">
              <value>
                <![CDATA[placed]]>
              </value>
            </param>
            <param index="5">
              <value>
                <![CDATA[TRUE]]>
              </value>
            </param>
          </params>
          <reporter-output>
          </reporter-output>
        </test-method> <!-- testPostOrderPets -->
        <test-method signature="testPostOrderPets(java.lang.String,java.lang.String,java.lang.String,java.lang.String,java.lang.String,java.lang.String)[pri:1, instance:api.test.StoreTests@6069db50]" started-at="2024-06-13T09:13:39 IST" name="testPostOrderPets" data-provider="Order" finished-at="2024-06-13T09:13:40 IST" duration-ms="1171" status="PASS">
          <params>
            <param index="0">
              <value>
                <![CDATA[125]]>
              </value>
            </param>
            <param index="1">
              <value>
                <![CDATA[168]]>
              </value>
            </param>
            <param index="2">
              <value>
                <![CDATA[2]]>
              </value>
            </param>
            <param index="3">
              <value>
                <![CDATA[2024-06-10T15:07:58.751Z]]>
              </value>
            </param>
            <param index="4">
              <value>
                <![CDATA[placed]]>
              </value>
            </param>
            <param index="5">
              <value>
                <![CDATA[TRUE]]>
              </value>
            </param>
          </params>
          <reporter-output>
          </reporter-output>
        </test-method> <!-- testPostOrderPets -->
        <test-method signature="testPostOrderPets(java.lang.String,java.lang.String,java.lang.String,java.lang.String,java.lang.String,java.lang.String)[pri:1, instance:api.test.StoreTests@6069db50]" started-at="2024-06-13T09:13:40 IST" name="testPostOrderPets" data-provider="Order" finished-at="2024-06-13T09:13:41 IST" duration-ms="1139" status="PASS">
          <params>
            <param index="0">
              <value>
                <![CDATA[126]]>
              </value>
            </param>
            <param index="1">
              <value>
                <![CDATA[169]]>
              </value>
            </param>
            <param index="2">
              <value>
                <![CDATA[3]]>
              </value>
            </param>
            <param index="3">
              <value>
                <![CDATA[2024-06-10T15:07:58.751Z]]>
              </value>
            </param>
            <param index="4">
              <value>
                <![CDATA[placed]]>
              </value>
            </param>
            <param index="5">
              <value>
                <![CDATA[TRUE]]>
              </value>
            </param>
          </params>
          <reporter-output>
          </reporter-output>
        </test-method> <!-- testPostOrderPets -->
        <test-method signature="testPostOrderPets(java.lang.String,java.lang.String,java.lang.String,java.lang.String,java.lang.String,java.lang.String)[pri:1, instance:api.test.StoreTests@6069db50]" started-at="2024-06-13T09:13:41 IST" name="testPostOrderPets" data-provider="Order" finished-at="2024-06-13T09:13:43 IST" duration-ms="1223" status="PASS">
          <params>
            <param index="0">
              <value>
                <![CDATA[127]]>
              </value>
            </param>
            <param index="1">
              <value>
                <![CDATA[170]]>
              </value>
            </param>
            <param index="2">
              <value>
                <![CDATA[4]]>
              </value>
            </param>
            <param index="3">
              <value>
                <![CDATA[2024-06-10T15:07:58.751Z]]>
              </value>
            </param>
            <param index="4">
              <value>
                <![CDATA[placed]]>
              </value>
            </param>
            <param index="5">
              <value>
                <![CDATA[TRUE]]>
              </value>
            </param>
          </params>
          <reporter-output>
          </reporter-output>
        </test-method> <!-- testPostOrderPets -->
        <test-method signature="testPostOrderPets(java.lang.String,java.lang.String,java.lang.String,java.lang.String,java.lang.String,java.lang.String)[pri:1, instance:api.test.StoreTests@6069db50]" started-at="2024-06-13T09:13:43 IST" name="testPostOrderPets" data-provider="Order" finished-at="2024-06-13T09:13:44 IST" duration-ms="1161" status="PASS">
          <params>
            <param index="0">
              <value>
                <![CDATA[128]]>
              </value>
            </param>
            <param index="1">
              <value>
                <![CDATA[171]]>
              </value>
            </param>
            <param index="2">
              <value>
                <![CDATA[5]]>
              </value>
            </param>
            <param index="3">
              <value>
                <![CDATA[2024-06-10T15:07:58.751Z]]>
              </value>
            </param>
            <param index="4">
              <value>
                <![CDATA[placed]]>
              </value>
            </param>
            <param index="5">
              <value>
                <![CDATA[TRUE]]>
              </value>
            </param>
          </params>
          <reporter-output>
          </reporter-output>
        </test-method> <!-- testPostOrderPets -->
        <test-method signature="testPostOrderPets(java.lang.String,java.lang.String,java.lang.String,java.lang.String,java.lang.String,java.lang.String)[pri:1, instance:api.test.StoreTests@6069db50]" started-at="2024-06-13T09:13:44 IST" name="testPostOrderPets" data-provider="Order" finished-at="2024-06-13T09:13:45 IST" duration-ms="1136" status="PASS">
          <params>
            <param index="0">
              <value>
                <![CDATA[129]]>
              </value>
            </param>
            <param index="1">
              <value>
                <![CDATA[172]]>
              </value>
            </param>
            <param index="2">
              <value>
                <![CDATA[6]]>
              </value>
            </param>
            <param index="3">
              <value>
                <![CDATA[2024-06-10T15:07:58.751Z]]>
              </value>
            </param>
            <param index="4">
              <value>
                <![CDATA[placed]]>
              </value>
            </param>
            <param index="5">
              <value>
                <![CDATA[TRUE]]>
              </value>
            </param>
          </params>
          <reporter-output>
          </reporter-output>
        </test-method> <!-- testPostOrderPets -->
        <test-method signature="testPostOrderPets(java.lang.String,java.lang.String,java.lang.String,java.lang.String,java.lang.String,java.lang.String)[pri:1, instance:api.test.StoreTests@6069db50]" started-at="2024-06-13T09:13:45 IST" name="testPostOrderPets" data-provider="Order" finished-at="2024-06-13T09:13:46 IST" duration-ms="1118" status="PASS">
          <params>
            <param index="0">
              <value>
                <![CDATA[130]]>
              </value>
            </param>
            <param index="1">
              <value>
                <![CDATA[173]]>
              </value>
            </param>
            <param index="2">
              <value>
                <![CDATA[7]]>
              </value>
            </param>
            <param index="3">
              <value>
                <![CDATA[2024-06-10T15:07:58.751Z]]>
              </value>
            </param>
            <param index="4">
              <value>
                <![CDATA[placed]]>
              </value>
            </param>
            <param index="5">
              <value>
                <![CDATA[TRUE]]>
              </value>
            </param>
          </params>
          <reporter-output>
          </reporter-output>
        </test-method> <!-- testPostOrderPets -->
        <test-method signature="testPostOrderPets(java.lang.String,java.lang.String,java.lang.String,java.lang.String,java.lang.String,java.lang.String)[pri:1, instance:api.test.StoreTests@6069db50]" started-at="2024-06-13T09:13:46 IST" name="testPostOrderPets" data-provider="Order" finished-at="2024-06-13T09:13:47 IST" duration-ms="1130" status="PASS">
          <params>
            <param index="0">
              <value>
                <![CDATA[131]]>
              </value>
            </param>
            <param index="1">
              <value>
                <![CDATA[174]]>
              </value>
            </param>
            <param index="2">
              <value>
                <![CDATA[8]]>
              </value>
            </param>
            <param index="3">
              <value>
                <![CDATA[2024-06-10T15:07:58.751Z]]>
              </value>
            </param>
            <param index="4">
              <value>
                <![CDATA[placed]]>
              </value>
            </param>
            <param index="5">
              <value>
                <![CDATA[TRUE]]>
              </value>
            </param>
          </params>
          <reporter-output>
          </reporter-output>
        </test-method> <!-- testPostOrderPets -->
        <test-method signature="testPostOrderPets(java.lang.String,java.lang.String,java.lang.String,java.lang.String,java.lang.String,java.lang.String)[pri:1, instance:api.test.StoreTests@6069db50]" started-at="2024-06-13T09:13:47 IST" name="testPostOrderPets" data-provider="Order" finished-at="2024-06-13T09:13:48 IST" duration-ms="1130" status="PASS">
          <params>
            <param index="0">
              <value>
                <![CDATA[132]]>
              </value>
            </param>
            <param index="1">
              <value>
                <![CDATA[175]]>
              </value>
            </param>
            <param index="2">
              <value>
                <![CDATA[9]]>
              </value>
            </param>
            <param index="3">
              <value>
                <![CDATA[2024-06-10T15:07:58.751Z]]>
              </value>
            </param>
            <param index="4">
              <value>
                <![CDATA[placed]]>
              </value>
            </param>
            <param index="5">
              <value>
                <![CDATA[FALSE]]>
              </value>
            </param>
          </params>
          <reporter-output>
          </reporter-output>
        </test-method> <!-- testPostOrderPets -->
        <test-method signature="testPostOrderPets(java.lang.String,java.lang.String,java.lang.String,java.lang.String,java.lang.String,java.lang.String)[pri:1, instance:api.test.StoreTests@6069db50]" started-at="2024-06-13T09:13:48 IST" name="testPostOrderPets" data-provider="Order" finished-at="2024-06-13T09:13:49 IST" duration-ms="1094" status="PASS">
          <params>
            <param index="0">
              <value>
                <![CDATA[133]]>
              </value>
            </param>
            <param index="1">
              <value>
                <![CDATA[176]]>
              </value>
            </param>
            <param index="2">
              <value>
                <![CDATA[10]]>
              </value>
            </param>
            <param index="3">
              <value>
                <![CDATA[2024-06-10T15:07:58.751Z]]>
              </value>
            </param>
            <param index="4">
              <value>
                <![CDATA[placed]]>
              </value>
            </param>
            <param index="5">
              <value>
                <![CDATA[FALSE]]>
              </value>
            </param>
          </params>
          <reporter-output>
          </reporter-output>
        </test-method> <!-- testPostOrderPets -->
        <test-method signature="testStoreInventory()[pri:2, instance:api.test.StoreTests@6069db50]" started-at="2024-06-13T09:13:49 IST" name="testStoreInventory" finished-at="2024-06-13T09:13:51 IST" duration-ms="1139" status="PASS">
          <reporter-output>
          </reporter-output>
        </test-method> <!-- testStoreInventory -->
        <test-method signature="testGetOrderId(int)[pri:3, instance:api.test.StoreTests@6069db50]" started-at="2024-06-13T09:13:51 IST" name="testGetOrderId" data-provider="OrderById" finished-at="2024-06-13T09:13:52 IST" duration-ms="1162" status="PASS">
          <params>
            <param index="0">
              <value>
                <![CDATA[9]]>
              </value>
            </param>
          </params>
          <reporter-output>
          </reporter-output>
        </test-method> <!-- testGetOrderId -->
        <test-method signature="testdeleteOrderId(int)[pri:4, instance:api.test.StoreTests@6069db50]" started-at="2024-06-13T09:13:52 IST" name="testdeleteOrderId" data-provider="OrderById" finished-at="2024-06-13T09:13:53 IST" duration-ms="1112" status="PASS">
          <params>
            <param index="0">
              <value>
                <![CDATA[9]]>
              </value>
            </param>
          </params>
          <reporter-output>
          </reporter-output>
        </test-method> <!-- testdeleteOrderId -->
      </class> <!-- api.test.StoreTests -->
    </test> <!-- Default test -->
  </suite> <!-- Default suite -->
</testng-results>
